[guides.lib.ua.edu/AerospaceEngineering/websites.html]
[backblue.gif]
[fade.gif]
[index.html]
[libapps.s3.amazonaws.com/apps/common/favicon/apple-touch-icon.png]
[libapps.s3.amazonaws.com/apps/common/favicon/favicon-32x32.png]
[libapps.s3.amazonaws.com/apps/common/favicon/favicon-16x16.png]
[guides.lib.ua.edu/web/jquery/css/jquery-ui.mindbbf.css]
[guides.lib.ua.edu/web/font-awesome/4.7.0/css/font-awesome.min.css]
[guides.lib.ua.edu/web/slick-1.8.1/slick/slick.css]
[guides.lib.ua.edu/web/slick-1.8.1/slick/slick-theme.css]
[guides.lib.ua.edu/web/css2.18.6/lg-public.min.css]
[guides.lib.ua.edu/web/jquery/js/1.12.4_jquery.min.js]
[code.jquery.com/ui/1.12.1/jquery-ui.min.js]
[guides.lib.ua.edu/web/js2.18.6/lg-public.min.js]
[guides.lib.ua.edu/web/jquery/js/jquery-ui.mindbbf.js]
[guides.lib.ua.edu/web/js/sa.min5819.js]
[www.lib.ua.edu/wp-content/themes/roots-ualib/assets/img/ualib-logo-capstone.png]
[guides.lib.ua.edu/AerospaceEngineering/starthere.html]
[guides.lib.ua.edu/AerospaceEngineering/articles_databases.html]
[guides.lib.ua.edu/AerospaceEngineering/books.html]
[www.google-analytics.com/analytics.js]
[guides.lib.ua.edu/AerospaceEngineering/citation_help.html]
[guides.lib.ua.edu/AerospaceEngineering/guides.lib.ua.edu/az.php]
[guides.lib.ua.edu/AerospaceEngineering/websites.html]
[guides.lib.ua.edu/web/jquery/css/images/ui-bg_flat_75_ffffff_40x100.png]
[guides.lib.ua.edu/web/jquery/css/images/ui-bg_highlight-soft_75_cccccc_1x100.png]
[guides.lib.ua.edu/web/jquery/css/images/ui-bg_glass_75_e6e6e6_1x400.png]
[guides.lib.ua.edu/web/jquery/css/images/ui-bg_glass_75_dadada_1x400.png]
[guides.lib.ua.edu/web/jquery/css/images/ui-bg_glass_65_ffffff_1x400.png]
[guides.lib.ua.edu/web/jquery/css/images/ui-bg_glass_55_fbf9ee_1x400.png]
[guides.lib.ua.edu/web/jquery/css/images/ui-bg_glass_95_fef1ec_1x400.png]
[guides.lib.ua.edu/web/jquery/css/images/ui-icons_222222_256x240.png]
[guides.lib.ua.edu/web/jquery/css/images/ui-icons_888888_256x240.png]
[guides.lib.ua.edu/web/jquery/css/images/ui-icons_454545_256x240.png]
[guides.lib.ua.edu/web/jquery/css/images/ui-icons_2e83ff_256x240.png]
[guides.lib.ua.edu/web/jquery/css/images/ui-icons_cd0a0a_256x240.png]
[guides.lib.ua.edu/web/jquery/css/images/ui-bg_flat_0_aaaaaa_40x100.png]
[guides.lib.ua.edu/web/jquery/css/jquery-ui.mindbbf.css]
[guides.lib.ua.edu/web/font-awesome/4.7.0/css/font-awesome.min.css]
[guides.lib.ua.edu/web/slick-1.8.1/slick/slick.css]
[guides.lib.ua.edu/web/slick-1.8.1/slick/ajax-loader.gif]
[guides.lib.ua.edu/web/slick-1.8.1/slick/fonts/slick.eot]
[guides.lib.ua.edu/web/slick-1.8.1/slick/fonts/slickd41d.eot]
[guides.lib.ua.edu/web/slick-1.8.1/slick/fonts/slick.woff]
[guides.lib.ua.edu/web/slick-1.8.1/slick/fonts/slick.ttf]
[guides.lib.ua.edu/web/slick-1.8.1/slick/slick-theme.css]
[guides.lib.ua.edu/web/css2.18.6/lg-public.min.css]
[1l0044267psh26mr7fa57m09-wpengine.netdna-ssl.com/wp-content/uploads/2018/05/June-web-cover-2.jpg]
[giecdn.azureedge.net/storage/fileuploads/publications/20/issues/103323/amd01aaee.jpg]
[libapps.s3.amazonaws.com/accounts/215710/profiles/214234/2112020_BH_143_Lance_Simpson.jpg]
[guides.lib.ua.edu/AerospaceEngineering/starthere.html]
[www.ivcc.edu/uploadedImages/library/Images/Icons/Proquest2016.html]
[guides.lib.ua.edu/AerospaceEngineering/articles_databases.html]
[guides.lib.ua.edu/AerospaceEngineering/books.html]
[content.knovel.com/content/Thumbs/thumb96076e3a.gif]
[content.knovel.com/content/Thumbs/thumb34706e3a.gif]
[content.knovel.com/content/Thumbs/thumb86426e3a.gif]
[content.knovel.com/content/Thumbs/thumb54976e3a.gif]
[guides.lib.ua.edu/AerospaceEngineering/citation_help.html]
[guides.lib.ua.edu/AerospaceEngineering/guides.lib.ua.edu/az.html]
[guides.lib.ua.edu/web/slick-1.8.1/slick/fonts/slick.svg]
[www.bis-space.com/wp-content/uploads/2011/01/Spaceflight-Post-Cover-2017-07.html]
[www.ivcc.edu/_resources/css/oustyles.css]
[www.ivcc.edu/_resources/css/main.css]
[www.ivcc.edu/_resources/js/vendor/modernizr.min.js]
[up.pixel.ad/assets/up701f.js]
[www.ivcc.edu/_resources/js/favicon.js]
[connect.facebook.net/en_US/fbevents.js]
[www.ivcc.edu/_resources/assets/images/get-started.jpg]
[www.ivcc.edu/_resources/js/vendor/jquery.min.js]
[www.ivcc.edu/_resources/js/vendor/mousewheel.min.js]
[www.ivcc.edu/_resources/js/vendor/jquery.mCustomScrollbar.js]
[www.ivcc.edu/_resources/js/vendor/tweetie.min.js]
[www.ivcc.edu/_resources/js/vendor/waypoints.min.js]
[www.ivcc.edu/_resources/js/vendor/instafeed.min.js]
[www.ivcc.edu/_resources/js/vendor/picturefill.min.js]
[www.ivcc.edu/_resources/js/vendor/moment.min.js]
[www.ivcc.edu/_resources/js/vendor/slick.min.js]
[www.ivcc.edu/_resources/js/main.min.js]
[www.ivcc.edu/_resources/js/direct-edit.js]
[www.ivcc.edu/uploadedImages/library/Images/Icons/Proquest2016.html]
[www.ivcc.edu/_resources/css/oustyles.css]
[www.ivcc.edu/_test/sculpture.html]
[www.ivcc.edu/_resources/assets/icons/quote.png]
[www.ivcc.edu/_resources/assets/images/events-background.html]
[www.ivcc.edu/_resources/assets/images/news-background.html]
[www.ivcc.edu/_resources/assets/images/grid-overlay.html]
[www.ivcc.edu/_resources/css/main.css]
[connect.facebook.net/en_US/fbevents.js]
[www.ivcc.edu/_test/sculpture.html]
[www.ivcc.edu/_resources/assets/images/events-background.html]
[www.ivcc.edu/_resources/assets/images/news-background.html]
[www.ivcc.edu/_resources/assets/images/grid-overlay.html]
